12345
21453
34512
45231
53124

-41223-
2152433
3235142
2421351
1543215
3314522
-23212-
J: 1
top: 4
cnt_up: 4
bottom: 2
cnt_down: 2
J: 2
top: 1
cnt_up: 1
bottom: 3
cnt_down: 3
J: 3
top: 2
cnt_up: 2
bottom: 2
cnt_down: 2
J: 4
top: 2
cnt_up: 2
bottom: 1
cnt_down: 1
J: 5
top: 3
cnt_up: 3
bottom: 2
cnt_down: 2
15243
23514
42135
54321
31452

no

cnt_up: 2
cnt_up: 2
cnt_up: 3
cnt_down: 2
cnt_up: 2
cnt_up: 3
cnt_down: 3
cnt_up: 1
cnt_up: 3
cnt_down: 3
cnt_up: 1
cnt_up: 3
cnt_down: 2
cnt_up: 3
cnt_down: 2
cnt_up: 3
cnt_down: 2
cnt_up: 3
cnt_down: 2
cnt_up: 3
cnt_down: 3
cnt_up: 1
cnt_up: 3
cnt_down: 3
cnt_up: 1
cnt_up: 2
cnt_up: 2
cnt_up: 2
cnt_up: 3
cnt_down: 2
cnt_up: 2
cnt_up: 2
cnt_up: 2
cnt_up: 2
cnt_up: 3
cnt_down: 3
cnt_up: 1
cnt_up: 3
cnt_down: 2
cnt_up: 3
cnt_down: 3
cnt_up: 1
cnt_up: 3
cnt_down: 3
cnt_up: 1
cnt_up: 2
cnt_up: 2
cnt_up: 2
cnt_up: 3
cnt_down: 2
cnt_up: 2
cnt_up: 3
cnt_down: 2
cnt_up: 3
cnt_down: 2
cnt_up: 3
cnt_down: 3
cnt_up: 1
cnt_up: 3
cnt_down: 2
cnt_up: 2
cnt_up: 2
cnt_up: 2
cnt_up: 2
cnt_up: 2
cnt_up: 2
cnt_up: 2
cnt_up: 2
cnt_up: 2
cnt_up: 3
cnt_down: 2
cnt_up: 3
cnt_down: 3
cnt_up: 1
cnt_up: 3
cnt_down: 2
cnt_up: 3
cnt_down: 2
cnt_up: 3
cnt_down: 3
cnt_up: 1
cnt_up: 3
cnt_down: 3
cnt_up: 1
cnt_up: 3
cnt_down: 2
cnt_up: 3
cnt_down: 2
cnt_up: 3
cnt_down: 3
cnt_up: 1
cnt_up: 3
cnt_down: 2
cnt_up: 3
cnt_down: 2
cnt_up: 3
cnt_down: 3
cnt_up: 1
cnt_up: 3
cnt_down: 2
cnt_up: 3
cnt_down: 2
cnt_up: 3
cnt_down: 3
cnt_up: 1
cnt_up: 3
cnt_down: 3
cnt_up: 1
cnt_up: 3
cnt_down: 2
cnt_up: 3
cnt_down: 3
cnt_up: 1
cnt_up: 3
cnt_down: 2
cnt_up: 3
cnt_down: 2
cnt_up: 2
cnt_up: 2
cnt_up: 2
cnt_up: 3
cnt_down: 2
cnt_up: 2
cnt_up: 3
cnt_down: 2
cnt_up: 3
cnt_down: 3
cnt_up: 1
cnt_up: 2
cnt_up: 2
cnt_up: 2
cnt_up: 2
cnt_up: 2
cnt_up: 2
cnt_up: 2
cnt_up: 2
cnt_up: 2
cnt_up: 2
cnt_up: 2
cnt_up: 3
cnt_down: 2
cnt_up: 2
cnt_up: 2
cnt_up: 3
cnt_down: 2
cnt_up: 3
cnt_down: 3
cnt_up: 1
cnt_up: 3
cnt_down: 3
cnt_up: 1
cnt_up: 3
cnt_down: 2
cnt_up: 2
cnt_up: 2
cnt_up: 2
cnt_up: 2
cnt_up: 2
cnt_up: 2
cnt_up: 2
cnt_up: 3
cnt_down: 2
cnt_up: 2
cnt_up: 2
cnt_up: 3
cnt_down: 2
cnt_up: 2
cnt_up: 2
cnt_up: 2
cnt_up: 3
cnt_down: 2
cnt_up: 2
cnt_up: 2
cnt_up: 2
cnt_up: 2
cnt_up: 3
cnt_down: 2
cnt_up: 3
cnt_down: 2
cnt_up: 3
cnt_down: 2
cnt_up: 2
cnt_up: 2
cnt_up: 2
cnt_up: 2
cnt_up: 2
cnt_up: 2
cnt_up: 2
cnt_up: 2
cnt_up: 2
cnt_up: 2
cnt_up: 2
cnt_up: 2
cnt_up: 2
cnt_up: 2
cnt_up: 2
cnt_up: 2
cnt_up: 2
cnt_up: 2
cnt_up: 2
cnt_up: 3
cnt_down: 2
cnt_up: 3
cnt_down: 3
cnt_up: 1
cnt_up: 2
cnt_up: 2
cnt_up: 2
cnt_up: 2
cnt_up: 2
cnt_up: 2
cnt_up: 2
cnt_up: 2
cnt_up: 2
cnt_up: 2
cnt_up: 2
cnt_up: 2
cnt_up: 2
cnt_up: 2
cnt_up: 2
cnt_up: 2
cnt_up: 2
cnt_up: 2
cnt_up: 2
cnt_up: 2
cnt_up: 2
cnt_up: 2
cnt_up: 2
cnt_up: 2
cnt_up: 2
cnt_up: 2
cnt_up: 2
cnt_up: 2
cnt_up: 2
cnt_up: 2
cnt_up: 2
cnt_up: 2
cnt_up: 2
cnt_up: 2
cnt_up: 2
cnt_up: 2
cnt_up: 2
cnt_up: 2
cnt_up: 2
cnt_up: 2
cnt_up: 2
cnt_up: 2
cnt_up: 2
cnt_up: 2
cnt_up: 2
cnt_up: 2
cnt_up: 2
cnt_up: 2
cnt_up: 2
cnt_up: 2
cnt_up: 2
cnt_up: 2
cnt_up: 2
cnt_up: 2
cnt_up: 2
cnt_up: 2
cnt_up: 2
cnt_up: 2
cnt_up: 2
cnt_up: 2
cnt_up: 2
cnt_up: 2
cnt_up: 2
cnt_up: 2
cnt_up: 2
cnt_up: 2
cnt_up: 2
cnt_up: 2
--33---
-152433
-21354-
-425313
-53412-
334125-
--324--
J: 1
J: 2
top: 3
cnt_up: 1
--33---
-152433
-21354-
-435213
-54132-
332415-
--324--
J: 1
J: 2
top: 3
cnt_up: 1
--33---
-152433
-21354-
-534123
-42135-
334521-
--324--
J: 1
J: 2
top: 3
cnt_up: 1
--33---
-152433
-21354-
-534123
-42531-
334125-
--324--
J: 1
J: 2
top: 3
cnt_up: 1
--33---
-152433
-21435-
-435213
-52314-
334152-
--324--
J: 1
J: 2
top: 3
cnt_up: 1
--33---
-152433
-21534-
-534123
-42351-
334125-
--324--
J: 1
J: 2
top: 3
cnt_up: 1
--33---
-152433
-23154-
-415323
-54321-
332415-
--324--
J: 1
J: 2
top: 3
cnt_up: 1
--33---
-152433
-23154-
-425313
-54312-
331425-
--324--
J: 1
J: 2
top: 3
cnt_up: 1
--33---
-152433
-23415-
-425313
-51324-
334152-
--324--
J: 1
J: 2
top: 3
cnt_up: 1
--33---
-152433
-23451-
-415323
-52314-
334125-
--324--
J: 1
J: 2
top: 3
cnt_up: 1
--33---
-152433
-24135-
-435213
-52314-
331452-
--324--
J: 1
J: 2
top: 3
cnt_up: 1
--33---
-152433
-24315-
-415323
-53124-
332451-
--324--
J: 1
J: 2
top: 3
cnt_up: 1
--33---
-152433
-24315-
-425313
-53124-
331452-
--324--
J: 1
J: 2
top: 3
cnt_up: 1
--33---
-152433
-24315-
-435213
-52134-
331452-
--324--
J: 1
J: 2
top: 3
cnt_up: 1
--33---
-152433
-24351-
-415323
-53124-
332415-
--324--
J: 1
J: 2
top: 3
cnt_up: 1
--33---
-152433
-31425-
-425313
-54312-
323154-
--324--
J: 1
J: 2
top: 3
cnt_up: 1
--33---
-152433
-31452-
-425313
-53124-
324315-
--324--
J: 1
J: 2
top: 3
cnt_up: 1
--33---
-152433
-31452-
-435213
-52134-
324315-
--324--
J: 1
J: 2
top: 3
cnt_up: 1
--33---
-152433
-31452-
-435213
-52314-
324135-
--324--
J: 1
J: 2
top: 3
cnt_up: 1
--33---
-152433
-31524-
-534123
-42135-
324351-
--324--
J: 1
J: 2
top: 3
cnt_up: 1
--33---
-152433
-31524-
-534123
-42351-
324135-
--324--
J: 1
J: 2
top: 3
cnt_up: 1
--33---
-152433
-32154-
-415323
-53421-
324315-
--324--
J: 1
J: 2
top: 3
cnt_up: 1
--33---
-152433
-32154-
-435213
-51432-
324315-
--324--
J: 1
J: 2
top: 3
cnt_up: 1
--33---
-152433
-32154-
-435213
-54312-
321435-
--324--
J: 1
J: 2
top: 3
cnt_up: 1
--33---
-152433
-32154-
-534123
-41325-
324531-
--324--
J: 1
J: 2
top: 3
cnt_up: 1
--33---
-152433
-32415-
-415323
-53124-
324351-
--324--
J: 1
J: 2
top: 3
cnt_up: 1
--33---
-152433
-32415-
-415323
-54321-
323154-
--324--
J: 1
J: 2
top: 3
cnt_up: 1
--33---
-152433
-32415-
-435213
-54132-
321354-
--324--
J: 1
J: 2
top: 3
cnt_up: 1
--33---
-152433
-32451-
-415323
-53124-
324315-
--324--
J: 1
J: 2
top: 3
cnt_up: 1
--33---
-152433
-34125-
-425313
-53412-
321354-
--324--
J: 1
J: 2
top: 3
cnt_up: 1
--33---
-152433
-34125-
-534123
-42531-
321354-
--324--
J: 1
J: 2
top: 3
cnt_up: 1
--33---
-152433
-34152-
-435213
-52314-
321435-
--324--
J: 1
J: 2
top: 3
cnt_up: 1
--33---
-152433
-34521-
-534123
-42135-
321354-
--324--
J: 1
J: 2
top: 3
cnt_up: 1
--33---
-152433
-41325-
-534123
-32154-
324531-
--324--
J: 1
J: 2
top: 3
cnt_up: 1
--33---
-152433
-41352-
-245313
-53124-
332415-
--324--
J: 1
J: 2
top: 3
cnt_up: 1
--33---
-152433
-42135-
-345213
-53412-
321354-
--324--
J: 1
J: 2
top: 3
cnt_up: 1
--33---
-152433
-42135-
-534123
-21354-
334521-
--324--
J: 1
J: 2
top: 3
cnt_up: 1
--33---
-152433
-42135-
-534123
-31524-
324351-
--324--
J: 1
J: 2
top: 3
cnt_up: 1
--33---
-152433
-42135-
-534123
-34521-
321354-
--324--
J: 1
J: 2
top: 3
cnt_up: 1
--33---
-152433
-42315-
-245313
-53124-
331452-
--324--
J: 1
J: 2
top: 3
cnt_up: 1
--33---
-152433
-42315-
-345213
-51432-
323154-
--324--
J: 1
J: 2
top: 3
cnt_up: 1
--33---
-152433
-42351-
-534123
-21534-
334125-
--324--
J: 1
J: 2
top: 3
cnt_up: 1
--33---
-152433
-42351-
-534123
-31524-
324135-
--324--
J: 1
J: 2
top: 3
cnt_up: 1
--33---
-152433
-42531-
-534123
-21354-
334125-
--324--
J: 1
J: 2
top: 3
cnt_up: 1
--33---
-152433
-42531-
-534123
-34125-
321354-
--324--
J: 1
J: 2
top: 3
cnt_up: 1
--33---
-152433
-43125-
-245313
-52314-
331452-
--324--
J: 1
J: 2
top: 3
cnt_up: 1
--33---
-152433
-43152-
-245313
-51324-
332415-
--324--
J: 1
J: 2
top: 3
cnt_up: 1
--33---
-152433
-43152-
-245313
-52314-
331425-
--324--
J: 1
J: 2
top: 3
cnt_up: 1
--33---
-152433
-43152-
-345213
-52314-
321435-
--324--
J: 1
J: 2
top: 3
cnt_up: 1
--33---
-152433
-51324-
-245313
-43152-
332415-
--324--
J: 1
J: 2
top: 3
cnt_up: 1
--33---
-152433
-51324-
-425313
-23415-
334152-
--324--
J: 1
J: 2
top: 3
cnt_up: 1
--33---
-152433
-51432-
-345213
-42315-
323154-
--324--
J: 1
J: 2
top: 3
cnt_up: 1
--33---
-152433
-51432-
-435213
-32154-
324315-
--324--
J: 1
J: 2
top: 3
cnt_up: 1
--33---
-152433
-52134-
-435213
-24315-
331452-
--324--
J: 1
J: 2
top: 3
cnt_up: 1
--33---
-152433
-52134-
-435213
-31452-
324315-
--324--
J: 1
J: 2
top: 3
cnt_up: 1
--33---
-152433
-52314-
-245313
-43125-
331452-
--324--
J: 1
J: 2
top: 3
cnt_up: 1
--33---
-152433
-52314-
-245313
-43152-
331425-
--324--
J: 1
J: 2
top: 3
cnt_up: 1
--33---
-152433
-52314-
-345213
-43152-
321435-
--324--
J: 1
J: 2
top: 3
cnt_up: 1
--33---
-152433
-52314-
-415323
-23451-
334125-
--324--
J: 1
J: 2
top: 3
cnt_up: 1
--33---
-152433
-52314-
-435213
-21435-
334152-
--324--
J: 1
J: 2
top: 3
cnt_up: 1
--33---
-152433
-52314-
-435213
-24135-
331452-
--324--
J: 1
J: 2
top: 3
cnt_up: 1
--33---
-152433
-52314-
-435213
-31452-
324135-
--324--
J: 1
J: 2
top: 3
cnt_up: 1
--33---
-152433
-52314-
-435213
-34152-
321435-
--324--
J: 1
J: 2
top: 3
cnt_up: 1
--33---
-152433
-53124-
-245313
-41352-
332415-
--324--
J: 1
J: 2
top: 3
cnt_up: 1
--33---
-152433
-53124-
-245313
-42315-
331452-
--324--
J: 1
J: 2
top: 3
cnt_up: 1
--33---
-152433
-53124-
-415323
-24315-
332451-
--324--
J: 1
J: 2
top: 3
cnt_up: 1
--33---
-152433
-53124-
-415323
-24351-
332415-
--324--
J: 1
J: 2
top: 3
cnt_up: 1
--33---
-152433
-53124-
-415323
-32415-
324351-
--324--
J: 1
J: 2
top: 3
cnt_up: 1
--33---
-152433
-53124-
-415323
-32451-
324315-
--324--
J: 1
J: 2
top: 3
cnt_up: 1
--33---
-152433
-53124-
-425313
-24315-
331452-
--324--
J: 1
J: 2
top: 3
cnt_up: 1
--33---
-152433
-53124-
-425313
-31452-
324315-
--324--
J: 1
J: 2
top: 3
cnt_up: 1
--33---
-152433
-53412-
-345213
-42135-
321354-
--324--
J: 1
J: 2
top: 3
cnt_up: 1
--33---
-152433
-53412-
-425313
-21354-
334125-
--324--
J: 1
J: 2
top: 3
cnt_up: 1
--33---
-152433
-53412-
-425313
-34125-
321354-
--324--
J: 1
J: 2
top: 3
cnt_up: 1
--33---
-152433
-53421-
-415323
-32154-
324315-
--324--
J: 1
J: 2
top: 3
cnt_up: 1
--33---
-152433
-54132-
-435213
-21354-
332415-
--324--
J: 1
J: 2
top: 3
cnt_up: 1
--33---
-152433
-54132-
-435213
-32415-
321354-
--324--
J: 1
J: 2
top: 3
cnt_up: 1
--33---
-152433
-54312-
-425313
-23154-
331425-
--324--
J: 1
J: 2
top: 3
cnt_up: 1
--33---
-152433
-54312-
-425313
-31425-
323154-
--324--
J: 1
J: 2
top: 3
cnt_up: 1
--33---
-152433
-54312-
-435213
-32154-
321435-
--324--
J: 1
J: 2
top: 3
cnt_up: 1
--33---
-152433
-54321-
-415323
-23154-
332415-
--324--
J: 1
J: 2
top: 3
cnt_up: 1
--33---
-152433
-54321-
-415323
-32415-
323154-
--324--
J: 1
J: 2
top: 3
cnt_up: 1
cnt_up: 1
cnt_up: 1
cnt_up: 1
cnt_up: 1
cnt_up: 1
cnt_up: 1
cnt_up: 1
cnt_up: 1
cnt_up: 1
cnt_up: 1
cnt_up: 1
cnt_up: 1
cnt_up: 1
cnt_up: 1
cnt_up: 1
cnt_up: 1
cnt_up: 1
cnt_up: 1
cnt_up: 1
cnt_up: 1
cnt_up: 1
cnt_up: 1
cnt_up: 1
cnt_up: 1
cnt_up: 1
cnt_up: 1
cnt_up: 1
cnt_up: 1
cnt_up: 1
cnt_up: 1
cnt_up: 1
cnt_up: 1
cnt_up: 1
cnt_up: 1
cnt_up: 1
cnt_up: 1
cnt_up: 1
cnt_up: 1
cnt_up: 1
cnt_up: 1
cnt_up: 1
cnt_up: 1
cnt_up: 1
cnt_up: 1
cnt_up: 1
cnt_up: 1
cnt_up: 1
cnt_up: 1
cnt_up: 1
cnt_up: 1
cnt_up: 1
cnt_up: 1
cnt_up: 1
cnt_up: 1
cnt_up: 1
cnt_up: 1
cnt_up: 1
cnt_up: 1
cnt_up: 1
cnt_up: 1
cnt_up: 1
cnt_up: 1
cnt_up: 1
cnt_up: 1
cnt_up: 1
cnt_up: 1
cnt_up: 1
cnt_up: 1
cnt_up: 1
cnt_up: 1
cnt_up: 1
cnt_up: 1
cnt_up: 1
cnt_up: 1
cnt_up: 1
cnt_up: 1
cnt_up: 1
cnt_up: 1
cnt_up: 1
cnt_up: 1
cnt_up: 1
cnt_up: 1
cnt_up: 1
cnt_up: 1
cnt_up: 1
cnt_up: 1
cnt_up: 1
cnt_up: 1
cnt_up: 1
cnt_up: 1
cnt_up: 1
cnt_up: 1
cnt_up: 1
cnt_up: 1
cnt_up: 1
cnt_up: 1
cnt_up: 1
cnt_up: 1
cnt_up: 1
cnt_up: 1
cnt_up: 1
cnt_up: 1
cnt_up: 1
cnt_up: 1
cnt_up: 1
cnt_up: 1
cnt_up: 1
cnt_up: 1
cnt_up: 1
cnt_up: 1
cnt_up: 1
cnt_up: 1
cnt_up: 1
cnt_up: 1
cnt_up: 1
cnt_up: 1
cnt_up: 1
cnt_up: 1
cnt_up: 1
cnt_up: 1
cnt_up: 1
cnt_up: 1
cnt_up: 1
cnt_up: 1
cnt_up: 1
cnt_up: 1
cnt_up: 1
cnt_up: 1
cnt_up: 1
cnt_up: 1
cnt_up: 1
cnt_up: 1
cnt_up: 1
cnt_up: 1
cnt_up: 1
cnt_up: 1
cnt_up: 1
cnt_up: 1
cnt_up: 1
cnt_up: 1
cnt_up: 1
cnt_up: 1
cnt_up: 1
cnt_up: 1
cnt_up: 1
cnt_up: 1
cnt_up: 1
cnt_up: 1
cnt_up: 1
cnt_up: 1
cnt_up: 1
cnt_up: 1
cnt_up: 1
cnt_up: 1
cnt_up: 1
cnt_up: 1
cnt_up: 1
cnt_up: 1
cnt_up: 1
cnt_up: 1
cnt_up: 1
cnt_up: 1
cnt_up: 1
cnt_up: 1
cnt_up: 1
cnt_up: 1
cnt_up: 1
cnt_up: 1
cnt_up: 1
cnt_up: 1
cnt_up: 1
cnt_up: 1
cnt_up: 1
cnt_up: 1
cnt_up: 1
cnt_up: 1
cnt_up: 1
cnt_up: 1
cnt_up: 1
cnt_up: 1
cnt_up: 1
cnt_up: 1
cnt_up: 1
cnt_up: 1
cnt_up: 1
cnt_up: 1
cnt_up: 1
cnt_up: 1
cnt_up: 1
cnt_up: 1
cnt_up: 1
cnt_up: 1
cnt_up: 1
cnt_up: 1
cnt_up: 1
cnt_up: 1
cnt_up: 1
cnt_up: 1
cnt_up: 1
cnt_up: 1
cnt_up: 3
cnt_down: 2
cnt_up: 3
cnt_down: 2
cnt_up: 4
cnt_up: 3
cnt_down: 2
cnt_up: 3
cnt_down: 3
cnt_up: 1
cnt_up: 3
cnt_down: 2
cnt_up: 3
cnt_down: 2
cnt_up: 3
cnt_down: 2
cnt_up: 3
cnt_down: 2
cnt_up: 3
cnt_down: 2
cnt_up: 3
cnt_down: 3
cnt_up: 1
cnt_up: 3
cnt_down: 3
cnt_up: 1
cnt_up: 3
cnt_down: 3
cnt_up: 1
cnt_up: 2
cnt_up: 2
cnt_up: 3
cnt_down: 2
cnt_up: 3
cnt_down: 2
cnt_up: 4
cnt_up: 4
cnt_up: 3
cnt_down: 3
cnt_up: 1
cnt_up: 3
cnt_down: 2
cnt_up: 3
cnt_down: 2
cnt_up: 3
cnt_down: 2
cnt_up: 3
cnt_down: 2
cnt_up: 2
cnt_up: 3
cnt_down: 3
cnt_up: 1
cnt_up: 4
cnt_up: 3
cnt_down: 2
cnt_up: 4
cnt_up: 4
cnt_up: 3
cnt_down: 2
cnt_up: 2
cnt_up: 2
cnt_up: 2
cnt_up: 3
cnt_down: 2
cnt_up: 3
cnt_down: 2
cnt_up: 3
cnt_down: 2
cnt_up: 3
cnt_down: 2
cnt_up: 3
cnt_down: 2
cnt_up: 3
cnt_down: 2
cnt_up: 3
cnt_down: 3
cnt_up: 1
cnt_up: 3
cnt_down: 2
cnt_up: 3
cnt_down: 3
cnt_up: 1
cnt_up: 3
cnt_down: 2
cnt_up: 3
cnt_down: 2
cnt_up: 3
cnt_down: 3
cnt_up: 1
cnt_up: 3
cnt_down: 2
cnt_up: 3
cnt_down: 3
cnt_up: 1
cnt_up: 3
cnt_down: 2
cnt_up: 3
cnt_down: 2
cnt_up: 3
cnt_down: 2
cnt_up: 3
cnt_down: 2
cnt_up: 3
cnt_down: 2
cnt_up: 3
cnt_down: 2
cnt_up: 3
cnt_down: 3
cnt_up: 1
cnt_up: 3
cnt_down: 2
cnt_up: 2
cnt_up: 2
cnt_up: 2
cnt_up: 3
cnt_down: 2
cnt_up: 2
cnt_up: 2
cnt_up: 3
cnt_down: 2
cnt_up: 3
cnt_down: 3
cnt_up: 1
cnt_up: 3
cnt_down: 3
cnt_up: 1
cnt_up: 2
cnt_up: 2
cnt_up: 2
cnt_up: 2
cnt_up: 2
cnt_up: 2
cnt_up: 2
cnt_up: 2
cnt_up: 2
cnt_up: 2
cnt_up: 2
cnt_up: 2
cnt_up: 2
cnt_up: 2
cnt_up: 2
cnt_up: 2
cnt_up: 2
cnt_up: 2
cnt_up: 2
cnt_up: 2
cnt_up: 2
cnt_up: 2
cnt_up: 2
cnt_up: 2
cnt_up: 2
cnt_up: 2
cnt_up: 3
cnt_down: 2
cnt_up: 2
cnt_up: 2
cnt_up: 3
cnt_down: 2
cnt_up: 2
cnt_up: 2
cnt_up: 2
cnt_up: 2
cnt_up: 3
cnt_down: 2
cnt_up: 2
cnt_up: 2
cnt_up: 2
cnt_up: 2
cnt_up: 2
cnt_up: 2
cnt_up: 2
cnt_up: 2
cnt_up: 2
cnt_up: 2
cnt_up: 2
cnt_up: 2
cnt_up: 2
cnt_up: 2
cnt_up: 2
cnt_up: 2
cnt_up: 2
cnt_up: 2
cnt_up: 2
cnt_up: 2
cnt_up: 2
cnt_up: 2
cnt_up: 2
cnt_up: 3
cnt_down: 3
cnt_up: 1
cnt_up: 2
cnt_up: 2
cnt_up: 2
cnt_up: 2
cnt_up: 2
cnt_up: 2
cnt_up: 2
cnt_up: 2
cnt_up: 2
cnt_up: 2
cnt_up: 2
cnt_up: 2
cnt_up: 2
cnt_up: 2
cnt_up: 2
cnt_up: 2
cnt_up: 2
cnt_up: 2
cnt_up: 2
cnt_up: 2
cnt_up: 2
cnt_up: 2
cnt_up: 2
cnt_up: 2
cnt_up: 2
cnt_up: 2
cnt_up: 2
cnt_up: 2
cnt_up: 2
cnt_up: 2
cnt_up: 2
cnt_up: 2
cnt_up: 2
cnt_up: 2
cnt_up: 2
cnt_up: 2
cnt_up: 2
cnt_up: 2
cnt_up: 2
cnt_up: 2
cnt_up: 2
cnt_up: 2
cnt_up: 2
cnt_up: 2
cnt_up: 2
cnt_up: 2
cnt_up: 2
cnt_up: 2
cnt_up: 2
cnt_up: 2
cnt_up: 2
cnt_up: 2
cnt_up: 2
cnt_up: 2
cnt_up: 2
cnt_up: 2
cnt_up: 2
cnt_up: 2
cnt_up: 2
cnt_up: 2
cnt_up: 2
cnt_up: 2
cnt_up: 2
cnt_up: 2
cnt_up: 2
cnt_up: 2
cnt_up: 2
cnt_up: 2
cnt_up: 1
cnt_up: 1
cnt_up: 1
cnt_up: 1
cnt_up: 1
cnt_up: 1
cnt_up: 1
cnt_up: 1
cnt_up: 1
cnt_up: 1
cnt_up: 1
cnt_up: 1
cnt_up: 1
cnt_up: 1
cnt_up: 1
cnt_up: 1
cnt_up: 1
cnt_up: 1
cnt_up: 1
cnt_up: 1
cnt_up: 1
cnt_up: 1
cnt_up: 1
cnt_up: 1
cnt_up: 1
cnt_up: 1
cnt_up: 1
cnt_up: 1
cnt_up: 1
cnt_up: 1
cnt_up: 1
cnt_up: 1
cnt_up: 1
cnt_up: 1
cnt_up: 1
cnt_up: 1
cnt_up: 1
cnt_up: 1
cnt_up: 1
cnt_up: 1
cnt_up: 1
cnt_up: 1
cnt_up: 1
cnt_up: 1
cnt_up: 1
cnt_up: 1
cnt_up: 1
cnt_up: 1
cnt_up: 1
cnt_up: 1
cnt_up: 1
cnt_up: 1
cnt_up: 1
cnt_up: 1
cnt_up: 1
cnt_up: 1
cnt_up: 1
cnt_up: 1
cnt_up: 1
cnt_up: 1
cnt_up: 1
cnt_up: 1
cnt_up: 1
cnt_up: 1
cnt_up: 1
cnt_up: 1
cnt_up: 1
cnt_up: 1
cnt_up: 1
cnt_up: 1
cnt_up: 1
cnt_up: 1
cnt_up: 1
cnt_up: 1
cnt_up: 1
cnt_up: 1
cnt_up: 1
cnt_up: 1
cnt_up: 1
cnt_up: 1
cnt_up: 1
cnt_up: 1
cnt_up: 1
cnt_up: 1
cnt_up: 1
cnt_up: 1
cnt_up: 1
cnt_up: 1
cnt_up: 1
cnt_up: 1
cnt_up: 1
cnt_up: 1
cnt_up: 1
cnt_up: 1
cnt_up: 1
cnt_up: 1
cnt_up: 1
cnt_up: 1
cnt_up: 1
cnt_up: 1
cnt_up: 1
cnt_up: 1
cnt_up: 1
cnt_up: 1
cnt_up: 1
cnt_up: 1
cnt_up: 1
cnt_up: 1
cnt_up: 1
cnt_up: 1
cnt_up: 1
cnt_up: 1
cnt_up: 1
cnt_up: 1
cnt_up: 1
cnt_up: 1
cnt_up: 1
cnt_up: 1
cnt_up: 1
cnt_up: 1
cnt_up: 1
cnt_up: 1
cnt_up: 1
cnt_up: 1
cnt_up: 1
cnt_up: 1
cnt_up: 1
cnt_up: 1
cnt_up: 1
cnt_up: 1
cnt_up: 1
cnt_up: 1
cnt_up: 1
cnt_up: 1
cnt_up: 1
cnt_up: 1
cnt_up: 1
cnt_up: 1
cnt_up: 1
cnt_up: 1
cnt_up: 1
cnt_up: 1
cnt_up: 1
cnt_up: 1
cnt_up: 1
cnt_up: 1
cnt_up: 1
cnt_up: 1
cnt_up: 1
cnt_up: 1
cnt_up: 1
cnt_up: 1
cnt_up: 1
cnt_up: 1
cnt_up: 1
cnt_up: 1
cnt_up: 1
cnt_up: 1
cnt_up: 1
cnt_up: 1
cnt_up: 1
cnt_up: 1
cnt_up: 1
cnt_up: 1
cnt_up: 1
cnt_up: 1
cnt_up: 1
cnt_up: 1
cnt_up: 1
cnt_up: 1
cnt_up: 1
cnt_up: 1
cnt_up: 1
cnt_up: 1
cnt_up: 1
cnt_up: 1
cnt_up: 1
cnt_up: 1
cnt_up: 1
cnt_up: 1
cnt_up: 1
cnt_up: 1
cnt_up: 1
cnt_up: 1
cnt_up: 1
cnt_up: 1
cnt_up: 1
cnt_up: 1
cnt_up: 1
cnt_up: 1
cnt_up: 1
cnt_up: 1
cnt_up: 1
cnt_up: 1
cnt_up: 1
cnt_up: 1
cnt_up: 1
cnt_up: 1
cnt_up: 1
cnt_up: 1
cnt_up: 1
cnt_up: 1
cnt_up: 1
cnt_up: 1
cnt_up: 1
cnt_up: 1
cnt_up: 1
cnt_up: 1
cnt_up: 1
cnt_up: 1
cnt_up: 1
cnt_up: 1
cnt_up: 1
cnt_up: 1
cnt_up: 1
cnt_up: 1
cnt_up: 1
cnt_up: 1
cnt_up: 1
cnt_up: 1
cnt_up: 1
cnt_up: 1
cnt_up: 1
cnt_up: 1
cnt_up: 1
cnt_up: 1
cnt_up: 1
cnt_up: 1
cnt_up: 1
cnt_up: 1
cnt_up: 1
cnt_up: 1
cnt_up: 1
cnt_up: 1
cnt_up: 1
cnt_up: 1
cnt_up: 1
cnt_up: 1
cnt_up: 1
cnt_up: 1
cnt_up: 1
cnt_up: 1
cnt_up: 1
cnt_up: 1
cnt_up: 1
cnt_up: 1
cnt_up: 1
cnt_up: 1
cnt_up: 1
cnt_up: 1
cnt_up: 1
cnt_up: 1
cnt_up: 1
cnt_up: 1
cnt_up: 1
cnt_up: 1
cnt_up: 1
cnt_up: 1
cnt_up: 1
cnt_up: 1
cnt_up: 1
cnt_up: 1
cnt_up: 1
cnt_up: 1
cnt_up: 1
cnt_up: 1
cnt_up: 1
cnt_up: 1
cnt_up: 1
cnt_up: 1
cnt_up: 1
cnt_up: 1
cnt_up: 1
cnt_up: 1
cnt_up: 4
cnt_up: 3
cnt_down: 2
cnt_up: 3
cnt_down: 2
cnt_up: 3
cnt_down: 2
cnt_up: 3
cnt_down: 2
cnt_up: 3
cnt_down: 2
cnt_up: 3
cnt_down: 2
cnt_up: 2
cnt_up: 2
cnt_up: 3
cnt_down: 2
cnt_up: 3
cnt_down: 2
cnt_up: 3
cnt_down: 2
cnt_up: 3
cnt_down: 2
cnt_up: 2
cnt_up: 2
cnt_up: 3
cnt_down: 2
cnt_up: 3
cnt_down: 3
cnt_up: 1
cnt_up: 3
cnt_down: 3
cnt_up: 1
cnt_up: 4
cnt_up: 3
cnt_down: 2
cnt_up: 3
cnt_down: 2
cnt_up: 3
cnt_down: 2
cnt_up: 3
cnt_down: 2
cnt_up: 3
cnt_down: 2
cnt_up: 3
cnt_down: 2
cnt_up: 3
cnt_down: 2
cnt_up: 3
cnt_down: 2
cnt_up: 3
cnt_down: 2
cnt_up: 2
cnt_up: 2
cnt_up: 2
cnt_up: 2
cnt_up: 2
cnt_up: 2
cnt_up: 2
cnt_up: 3
cnt_down: 2
cnt_up: 3
cnt_down: 2
cnt_up: 3
cnt_down: 2
cnt_up: 3
cnt_down: 2
cnt_up: 3
cnt_down: 2
cnt_up: 3
cnt_down: 3
cnt_up: 1
cnt_up: 3
cnt_down: 2
cnt_up: 3
cnt_down: 2
cnt_up: 3
cnt_down: 2
cnt_up: 3
cnt_down: 2
cnt_up: 3
cnt_down: 2
cnt_up: 3
cnt_down: 2
cnt_up: 3
cnt_down: 2
cnt_up: 3
cnt_down: 2
cnt_up: 3
cnt_down: 2
cnt_up: 3
cnt_down: 3
cnt_up: 1
cnt_up: 3
cnt_down: 2
cnt_up: 3
cnt_down: 2
cnt_up: 4
cnt_up: 3
cnt_down: 3
cnt_up: 1
cnt_up: 3
cnt_down: 2
cnt_up: 4
cnt_up: 3
cnt_down: 2
cnt_up: 3
cnt_down: 3
cnt_up: 1
cnt_up: 3
cnt_down: 2
cnt_up: 3
cnt_down: 2
cnt_up: 3
cnt_down: 3
cnt_up: 1
cnt_up: 3
cnt_down: 3
cnt_up: 1
cnt_up: 2
cnt_up: 2
cnt_up: 2
cnt_up: 2
cnt_up: 2
cnt_up: 2
cnt_up: 2
cnt_up: 2
cnt_up: 3
cnt_down: 2
cnt_up: 2
cnt_up: 2
cnt_up: 3
cnt_down: 2
cnt_up: 2
cnt_up: 2
cnt_up: 3
cnt_down: 2
cnt_up: 3
cnt_down: 2
cnt_up: 3
cnt_down: 2
cnt_up: 3
cnt_down: 2
cnt_up: 3
cnt_down: 2
cnt_up: 3
cnt_down: 2
cnt_up: 3
cnt_down: 2
cnt_up: 2
cnt_up: 2
cnt_up: 2
cnt_up: 2
cnt_up: 2
cnt_up: 2
cnt_up: 3
cnt_down: 2
cnt_up: 3
cnt_down: 2
cnt_up: 3
cnt_down: 2
cnt_up: 2
cnt_up: 3
cnt_down: 2
cnt_up: 3
cnt_down: 2
cnt_up: 3
cnt_down: 2
cnt_up: 2
cnt_up: 2
cnt_up: 3
cnt_down: 2
cnt_up: 4
cnt_up: 3
cnt_down: 2
cnt_up: 3
cnt_down: 2
cnt_up: 3
cnt_down: 2
cnt_up: 3
cnt_down: 2
cnt_up: 3
cnt_down: 2
cnt_up: 4
cnt_up: 3
cnt_down: 3
cnt_up: 1
cnt_up: 3
cnt_down: 2
cnt_up: 4
cnt_up: 2
cnt_up: 2
cnt_up: 2
cnt_up: 2
cnt_up: 2
cnt_up: 2
cnt_up: 2
cnt_up: 2
cnt_up: 2
cnt_up: 2
cnt_up: 2
cnt_up: 2
cnt_up: 2
cnt_up: 2
cnt_up: 2
cnt_up: 2
cnt_up: 2
cnt_up: 2
cnt_up: 2
cnt_up: 2
cnt_up: 2
cnt_up: 2
cnt_up: 2
cnt_up: 3
cnt_down: 2
cnt_up: 3
cnt_down: 2
cnt_up: 3
cnt_down: 3
cnt_up: 1
cnt_up: 3
cnt_down: 3
cnt_up: 1
cnt_up: 3
cnt_down: 2
cnt_up: 3
cnt_down: 2
cnt_up: 3
cnt_down: 2
cnt_up: 3
cnt_down: 3
cnt_up: 1
cnt_up: 3
cnt_down: 2
cnt_up: 3
cnt_down: 3
cnt_up: 1
cnt_up: 3
cnt_down: 2
cnt_up: 3
cnt_down: 3
cnt_up: 1
cnt_up: 3
cnt_down: 2
cnt_up: 3
cnt_down: 3
cnt_up: 1
cnt_up: 3
cnt_down: 2
cnt_up: 2
cnt_up: 2
cnt_up: 2
cnt_up: 2
cnt_up: 2
cnt_up: 2
cnt_up: 2
cnt_up: 2
cnt_up: 2
cnt_up: 2
cnt_up: 2
cnt_up: 2
cnt_up: 2
cnt_up: 2
cnt_up: 2
cnt_up: 2
cnt_up: 2
cnt_up: 2
cnt_up: 2
cnt_up: 2
cnt_up: 2
cnt_up: 2
cnt_up: 2
cnt_up: 2
cnt_up: 2
cnt_up: 2
cnt_up: 2
cnt_up: 2
cnt_up: 2
cnt_up: 2
cnt_up: 2
cnt_up: 2
cnt_up: 2
cnt_up: 2
cnt_up: 2
cnt_up: 2
cnt_up: 2
cnt_up: 2
cnt_up: 2
cnt_up: 2
cnt_up: 2
cnt_up: 2
cnt_up: 2
cnt_up: 2
cnt_up: 2
cnt_up: 2
cnt_up: 2
cnt_up: 2
cnt_up: 2
cnt_up: 2
cnt_up: 2
cnt_up: 2
cnt_up: 2
cnt_up: 2
cnt_up: 2
cnt_up: 2
cnt_up: 2
cnt_up: 2
cnt_up: 2
cnt_up: 2
cnt_up: 2
cnt_up: 2
cnt_up: 1
cnt_up: 1
cnt_up: 1
cnt_up: 1
cnt_up: 1
cnt_up: 1
cnt_up: 1
cnt_up: 1
cnt_up: 1
cnt_up: 1
cnt_up: 1
cnt_up: 1
cnt_up: 1
cnt_up: 1
cnt_up: 1
cnt_up: 1
cnt_up: 1
cnt_up: 1
cnt_up: 1
cnt_up: 1
cnt_up: 1
cnt_up: 1
cnt_up: 1
cnt_up: 1
cnt_up: 1
cnt_up: 1
cnt_up: 1
cnt_up: 1
cnt_up: 1
cnt_up: 1
cnt_up: 1
cnt_up: 1
cnt_up: 1
cnt_up: 1
cnt_up: 1
cnt_up: 1
cnt_up: 1
cnt_up: 1
cnt_up: 1
cnt_up: 1
cnt_up: 1
cnt_up: 1
cnt_up: 1
cnt_up: 1
cnt_up: 1
cnt_up: 1
cnt_up: 1
cnt_up: 1
cnt_up: 1
cnt_up: 1
cnt_up: 1
cnt_up: 1
cnt_up: 1
cnt_up: 1
cnt_up: 1
cnt_up: 1
cnt_up: 1
cnt_up: 1
cnt_up: 1
cnt_up: 1
cnt_up: 1
cnt_up: 1
cnt_up: 1
cnt_up: 1
cnt_up: 1
cnt_up: 1
cnt_up: 1
cnt_up: 1
cnt_up: 1
cnt_up: 1
cnt_up: 1
cnt_up: 1
cnt_up: 1
cnt_up: 1
cnt_up: 1
cnt_up: 1
cnt_up: 1
cnt_up: 1
cnt_up: 1
cnt_up: 1
cnt_up: 1
cnt_up: 1
cnt_up: 1
cnt_up: 1
cnt_up: 1
cnt_up: 1
cnt_up: 1
cnt_up: 1
cnt_up: 1
cnt_up: 1
cnt_up: 1
cnt_up: 1
cnt_up: 1
cnt_up: 1
cnt_up: 1
cnt_up: 1
cnt_up: 1
cnt_up: 1
cnt_up: 1
cnt_up: 1
cnt_up: 1
cnt_up: 1
cnt_up: 1
cnt_up: 1
cnt_up: 1
cnt_up: 1
cnt_up: 1
cnt_up: 1
cnt_up: 1
cnt_up: 1
cnt_up: 1
cnt_up: 1
cnt_up: 1
cnt_up: 1
cnt_up: 1
cnt_up: 1
cnt_up: 1
cnt_up: 1
cnt_up: 1
cnt_up: 1
cnt_up: 1
cnt_up: 1
cnt_up: 1
cnt_up: 1
cnt_up: 1
cnt_up: 1
cnt_up: 1
cnt_up: 1
cnt_up: 1
cnt_up: 1
cnt_up: 1
cnt_up: 1
cnt_up: 1
cnt_up: 1
cnt_up: 1
cnt_up: 1
cnt_up: 1
cnt_up: 1
cnt_up: 1
cnt_up: 1
cnt_up: 1
cnt_up: 1
cnt_up: 1
cnt_up: 1
cnt_up: 1
cnt_up: 1
cnt_up: 1
cnt_up: 1
cnt_up: 1
cnt_up: 1
cnt_up: 1
cnt_up: 1
cnt_up: 1
cnt_up: 1
cnt_up: 1
cnt_up: 1
cnt_up: 1
cnt_up: 1
cnt_up: 1
cnt_up: 1
cnt_up: 1
cnt_up: 1
cnt_up: 1
cnt_up: 1
cnt_up: 1
cnt_up: 1
cnt_up: 1
cnt_up: 1
cnt_up: 1
cnt_up: 1
cnt_up: 1
cnt_up: 1
cnt_up: 1
cnt_up: 1
cnt_up: 1
cnt_up: 1
cnt_up: 1
cnt_up: 1
cnt_up: 1
cnt_up: 1
cnt_up: 1
cnt_up: 1
cnt_up: 1
cnt_up: 1
cnt_up: 1
cnt_up: 1
cnt_up: 1
cnt_up: 1
cnt_up: 1
cnt_up: 1
cnt_up: 1
cnt_up: 1
cnt_up: 1
cnt_up: 1
cnt_up: 1
cnt_up: 1
cnt_up: 1
cnt_up: 1
cnt_up: 1
cnt_up: 1
cnt_up: 1
cnt_up: 1
cnt_up: 1
cnt_up: 1
cnt_up: 1
cnt_up: 1
cnt_up: 1
cnt_up: 1
cnt_up: 1
cnt_up: 1
cnt_up: 1
cnt_up: 1
cnt_up: 1
cnt_up: 1
cnt_up: 1
cnt_up: 1
cnt_up: 1
cnt_up: 1
cnt_up: 1
cnt_up: 1
cnt_up: 1
cnt_up: 1
cnt_up: 1
cnt_up: 1
cnt_up: 1
cnt_up: 1
cnt_up: 1
cnt_up: 1
cnt_up: 1
cnt_up: 1
cnt_up: 1
cnt_up: 1
cnt_up: 1
cnt_up: 1
cnt_up: 1
cnt_up: 1
cnt_up: 1
cnt_up: 1
cnt_up: 1
cnt_up: 1
cnt_up: 1
cnt_up: 1
cnt_up: 1
cnt_up: 1
cnt_up: 1
cnt_up: 1
cnt_up: 1
cnt_up: 1
cnt_up: 1
cnt_up: 1
cnt_up: 1
cnt_up: 1
cnt_up: 1
cnt_up: 1
cnt_up: 1
cnt_up: 1
cnt_up: 1
cnt_up: 1
cnt_up: 1
cnt_up: 1
cnt_up: 1
cnt_up: 1
cnt_up: 1
cnt_up: 1
cnt_up: 1
cnt_up: 1
cnt_up: 1
cnt_up: 1
cnt_up: 1
cnt_up: 1
cnt_up: 1
cnt_up: 1
cnt_up: 1
cnt_up: 1
cnt_up: 1
cnt_up: 1
cnt_up: 1
cnt_up: 1
cnt_up: 1
cnt_up: 1
cnt_up: 1
cnt_up: 1
cnt_up: 1
cnt_up: 1
cnt_up: 3
cnt_down: 2
cnt_up: 4
cnt_up: 3
cnt_down: 2
cnt_up: 3
cnt_down: 2
cnt_up: 4
cnt_up: 3
cnt_down: 2
cnt_up: 3
cnt_down: 2
cnt_up: 3
cnt_down: 2
cnt_up: 4
cnt_up: 4
cnt_up: 3
cnt_down: 2
cnt_up: 4
cnt_up: 3
cnt_down: 3
cnt_up: 1
cnt_up: 3
cnt_down: 2
cnt_up: 3
cnt_down: 3
cnt_up: 1
cnt_up: 3
cnt_down: 2
cnt_up: 3
cnt_down: 3
cnt_up: 1
cnt_up: 3
cnt_down: 2
cnt_up: 3
cnt_down: 2
cnt_up: 3
cnt_down: 2
cnt_up: 4
cnt_up: 3
cnt_down: 2
cnt_up: 3
cnt_down: 2
cnt_up: 3
cnt_down: 2
cnt_up: 3
cnt_down: 2
cnt_up: 3
cnt_down: 2
cnt_up: 3
cnt_down: 3
cnt_up: 1
cnt_up: 3
cnt_down: 3
cnt_up: 1
cnt_up: 3
cnt_down: 2
cnt_up: 3
cnt_down: 2
cnt_up: 2
cnt_up: 2
cnt_up: 2
cnt_up: 2
cnt_up: 2
cnt_up: 2
cnt_up: 2
cnt_up: 2
cnt_up: 2
cnt_up: 2
cnt_up: 3
cnt_down: 2
cnt_up: 3
cnt_down: 2
cnt_up: 4
cnt_up: 3
cnt_down: 3
cnt_up: 1
cnt_up: 3
cnt_down: 2
cnt_up: 3
cnt_down: 2
cnt_up: 3
cnt_down: 2
cnt_up: 3
cnt_down: 2
cnt_up: 3
cnt_down: 2
cnt_up: 3
cnt_down: 2
cnt_up: 3
cnt_down: 2
cnt_up: 3
cnt_down: 2
cnt_up: 3
cnt_down: 2
cnt_up: 4
cnt_up: 3
cnt_down: 2
cnt_up: 3
cnt_down: 3
cnt_up: 1
cnt_up: 3
cnt_down: 2
cnt_up: 3
cnt_down: 3
cnt_up: 1
cnt_up: 3
cnt_down: 3
cnt_up: 1
cnt_up: 2
cnt_up: 2
cnt_up: 2
cnt_up: 2
cnt_up: 2
cnt_up: 2
cnt_up: 2
cnt_up: 2
cnt_up: 2
cnt_up: 2
cnt_up: 2
cnt_up: 3
cnt_down: 2
cnt_up: 3
cnt_down: 3
cnt_up: 1
cnt_up: 3
cnt_down: 2
cnt_up: 3
cnt_down: 2
cnt_up: 3
cnt_down: 2
cnt_up: 4
cnt_up: 4
cnt_up: 3
cnt_down: 2
cnt_up: 3
cnt_down: 3
cnt_up: 1
cnt_up: 3
cnt_down: 3
cnt_up: 1
cnt_up: 3
cnt_down: 2
cnt_up: 3
cnt_down: 3
cnt_up: 1
cnt_up: 4
cnt_up: 4
cnt_up: 3
cnt_down: 2
cnt_up: 3
cnt_down: 2
cnt_up: 3
cnt_down: 2
cnt_up: 3
cnt_down: 2
cnt_up: 3
cnt_down: 2
cnt_up: 3
cnt_down: 2
cnt_up: 3
cnt_down: 2
cnt_up: 3
cnt_down: 2
cnt_up: 2
cnt_up: 2
cnt_up: 2
cnt_up: 2
cnt_up: 2
cnt_up: 2
cnt_up: 2
cnt_up: 2
cnt_up: 2
cnt_up: 2
cnt_up: 2
cnt_up: 3
cnt_down: 2
cnt_up: 3
cnt_down: 2
cnt_up: 3
cnt_down: 2
cnt_up: 3
cnt_down: 2
cnt_up: 3
cnt_down: 2
cnt_up: 3
cnt_down: 3
cnt_up: 1
cnt_up: 3
cnt_down: 2
cnt_up: 3
cnt_down: 3
cnt_up: 1
cnt_up: 3
cnt_down: 2
cnt_up: 3
cnt_down: 3
cnt_up: 1
cnt_up: 3
cnt_down: 3
cnt_up: 1
cnt_up: 3
cnt_down: 2
cnt_up: 3
cnt_down: 3
cnt_up: 1
cnt_up: 3
cnt_down: 3
cnt_up: 1
cnt_up: 3
cnt_down: 2
cnt_up: 3
cnt_down: 2
cnt_up: 3
cnt_down: 2
cnt_up: 3
cnt_down: 3
cnt_up: 1
cnt_up: 3
cnt_down: 2
cnt_up: 3
cnt_down: 2
cnt_up: 3
cnt_down: 2
cnt_up: 3
cnt_down: 3
cnt_up: 1
cnt_up: 3
cnt_down: 2
cnt_up: 3
cnt_down: 3
cnt_up: 1
cnt_up: 3
cnt_down: 2
cnt_up: 3
cnt_down: 2
cnt_up: 3
cnt_down: 2
cnt_up: 3
cnt_down: 2
cnt_up: 3
cnt_down: 2
cnt_up: 3
cnt_down: 2
cnt_up: 3
cnt_down: 2
cnt_up: 3
cnt_down: 3
cnt_up: 1
cnt_up: 3
cnt_down: 2
cnt_up: 3
cnt_down: 3
cnt_up: 1
cnt_up: 3
cnt_down: 2
cnt_up: 3
cnt_down: 3
cnt_up: 1
cnt_up: 3
cnt_down: 2
cnt_up: 3
cnt_down: 3
cnt_up: 1
cnt_up: 3
cnt_down: 2
cnt_up: 3
cnt_down: 2
cnt_up: 3
cnt_down: 2
cnt_up: 3
cnt_down: 3
cnt_up: 1
cnt_up: 3
cnt_down: 2
cnt_up: 4
cnt_up: 4
cnt_up: 3
cnt_down: 3
cnt_up: 1
cnt_up: 3
cnt_down: 2
cnt_up: 3
cnt_down: 2
cnt_up: 3
cnt_down: 2
cnt_up: 3
cnt_down: 2
cnt_up: 3
cnt_down: 3
cnt_up: 1
cnt_up: 3
cnt_down: 2
cnt_up: 3
cnt_down: 2
cnt_up: 4
cnt_up: 3
cnt_down: 2
cnt_up: 3
cnt_down: 2
cnt_up: 3
cnt_down: 2
cnt_up: 4
cnt_up: 3
cnt_down: 2
cnt_up: 3
cnt_down: 3
cnt_up: 1
cnt_up: 3
cnt_down: 3
cnt_up: 1
cnt_up: 3
cnt_down: 2
cnt_up: 3
cnt_down: 2
cnt_up: 3
cnt_down: 2
cnt_up: 3
cnt_down: 3
cnt_up: 1
cnt_up: 3
cnt_down: 3
cnt_up: 1
cnt_up: 2
cnt_up: 2
cnt_up: 2
cnt_up: 2
cnt_up: 2
cnt_up: 2
cnt_up: 2
cnt_up: 2
cnt_up: 2
cnt_up: 2
cnt_up: 2
cnt_up: 2
cnt_up: 2
cnt_up: 2
cnt_up: 2
cnt_up: 2
cnt_up: 2
cnt_up: 2
cnt_up: 2
cnt_up: 2
cnt_up: 3
cnt_down: 2
cnt_up: 3
cnt_down: 2
cnt_up: 2
cnt_up: 2
cnt_up: 3
cnt_down: 2
cnt_up: 3
cnt_down: 2
cnt_up: 2
cnt_up: 2
cnt_up: 2
cnt_up: 3
cnt_down: 2
cnt_up: 3
cnt_down: 2
cnt_up: 3
cnt_down: 2
cnt_up: 3
cnt_down: 2
cnt_up: 4
cnt_up: 3
cnt_down: 3
cnt_up: 1
cnt_up: 3
cnt_down: 2
cnt_up: 3
cnt_down: 3
cnt_up: 1
cnt_up: 3
cnt_down: 2
cnt_up: 3
cnt_down: 3
cnt_up: 1
cnt_up: 3
cnt_down: 2
cnt_up: 3
cnt_down: 2
cnt_up: 3
cnt_down: 2
cnt_up: 3
cnt_down: 2
cnt_up: 4
cnt_up: 3
cnt_down: 2
cnt_up: 3
cnt_down: 2
cnt_up: 3
cnt_down: 2
cnt_up: 3
cnt_down: 2
cnt_up: 3
cnt_down: 2
cnt_up: 3
cnt_down: 3
cnt_up: 1
cnt_up: 3
cnt_down: 2
cnt_up: 3
cnt_down: 3
cnt_up: 1
cnt_up: 3
cnt_down: 2
cnt_up: 3
cnt_down: 2
cnt_up: 2
cnt_up: 2
cnt_up: 2
cnt_up: 2
cnt_up: 2
cnt_up: 2
cnt_up: 2
cnt_up: 2
cnt_up: 2
cnt_up: 2
cnt_up: 2
cnt_up: 2
cnt_up: 2
cnt_up: 3
cnt_down: 2
cnt_up: 2
cnt_up: 2
cnt_up: 2
cnt_up: 3
cnt_down: 2
cnt_up: 3
cnt_down: 2
cnt_up: 3
cnt_down: 2
cnt_up: 2
cnt_up: 2
cnt_up: 2
cnt_up: 2
cnt_up: 2
cnt_up: 3
cnt_down: 2
cnt_up: 3
cnt_down: 2
cnt_up: 2
cnt_up: 2
cnt_up: 3
cnt_down: 3
cnt_up: 1
cnt_up: 3
cnt_down: 3
cnt_up: 1
cnt_up: 3
cnt_down: 2
cnt_up: 3
cnt_down: 2
cnt_up: 3
cnt_down: 2
cnt_up: 3
cnt_down: 2
cnt_up: 3
cnt_down: 3
cnt_up: 1
cnt_up: 3
cnt_down: 2
cnt_up: 3
cnt_down: 3
cnt_up: 1
cnt_up: 3
cnt_down: 2
cnt_up: 3
cnt_down: 2
cnt_up: 3
cnt_down: 2
cnt_up: 3
cnt_down: 2
cnt_up: 2
cnt_up: 2
cnt_up: 2
cnt_up: 2
cnt_up: 2
cnt_up: 2
cnt_up: 2
cnt_up: 2
cnt_up: 2
cnt_up: 2
cnt_up: 2
cnt_up: 2
cnt_up: 2
cnt_up: 2
cnt_up: 2
cnt_up: 2
cnt_up: 2
cnt_up: 2
cnt_up: 2
cnt_up: 2
cnt_up: 2
cnt_up: 2
cnt_up: 2
cnt_up: 2
cnt_up: 2
cnt_up: 2
cnt_up: 2
cnt_up: 2
cnt_up: 2
cnt_up: 2
cnt_up: 2
cnt_up: 3
cnt_down: 3
cnt_up: 1
cnt_up: 3
cnt_down: 2
cnt_up: 3
cnt_down: 2
cnt_up: 3
cnt_down: 3
cnt_up: 1
cnt_up: 3
cnt_down: 3
cnt_up: 1
cnt_up: 3
cnt_down: 2
cnt_up: 3
cnt_down: 2
cnt_up: 3
cnt_down: 2
cnt_up: 3
cnt_down: 2
cnt_up: 3
cnt_down: 3
cnt_up: 1
cnt_up: 3
cnt_down: 2
cnt_up: 3
cnt_down: 2
cnt_up: 3
cnt_down: 3
cnt_up: 1
cnt_up: 3
cnt_down: 2
cnt_up: 3
cnt_down: 3
cnt_up: 1
cnt_up: 3
cnt_down: 2
cnt_up: 3
cnt_down: 3
cnt_up: 1
cnt_up: 3
cnt_down: 3
cnt_up: 1
cnt_up: 3
cnt_down: 2
cnt_up: 3
cnt_down: 2
cnt_up: 3
cnt_down: 3
cnt_up: 1
cnt_up: 3
cnt_down: 2
cnt_up: 3
cnt_down: 2
cnt_up: 3
cnt_down: 3
cnt_up: 1
cnt_up: 3
cnt_down: 2
cnt_up: 3
cnt_down: 3
cnt_up: 1
cnt_up: 3
cnt_down: 2
cnt_up: 3
cnt_down: 3
cnt_up: 1
cnt_up: 3
cnt_down: 2
cnt_up: 3
cnt_down: 3
cnt_up: 1
cnt_up: 3
cnt_down: 3
cnt_up: 1
cnt_up: 3
cnt_down: 2
cnt_up: 3
cnt_down: 3
cnt_up: 1
cnt_up: 3
cnt_down: 2
cnt_up: 3
cnt_down: 3
cnt_up: 1
cnt_up: 3
cnt_down: 2
cnt_up: 2
cnt_up: 2
cnt_up: 3
cnt_down: 2
cnt_up: 2
cnt_up: 2
cnt_up: 2
cnt_up: 2
cnt_up: 2
cnt_up: 3
cnt_down: 2
cnt_up: 2
cnt_up: 2
cnt_up: 2
cnt_up: 3
cnt_down: 2
cnt_up: 2
cnt_up: 2
cnt_up: 2
cnt_up: 3
cnt_down: 3
cnt_up: 1
cnt_up: 3
cnt_down: 3
cnt_up: 1
cnt_up: 3
cnt_down: 3
cnt_up: 1
cnt_up: 3
cnt_down: 3
cnt_up: 1
cnt_up: 3
cnt_down: 2
cnt_up: 3
cnt_down: 2
cnt_up: 3
cnt_down: 2
cnt_up: 3
cnt_down: 3
cnt_up: 1
cnt_up: 3
cnt_down: 2
cnt_up: 3
cnt_down: 2
cnt_up: 3
cnt_down: 2
cnt_up: 3
cnt_down: 3
cnt_up: 1
cnt_up: 3
cnt_down: 2
cnt_up: 3
cnt_down: 2
cnt_up: 3
cnt_down: 2
cnt_up: 2
cnt_up: 2
cnt_up: 2
cnt_up: 2
cnt_up: 2
cnt_up: 2
cnt_up: 2
cnt_up: 2
cnt_up: 2
cnt_up: 2
cnt_up: 2
cnt_up: 2
cnt_up: 2
cnt_up: 2
cnt_up: 2
cnt_up: 2
cnt_up: 2
cnt_up: 2
cnt_up: 2
cnt_up: 2
cnt_up: 2
cnt_up: 3
cnt_down: 2
cnt_up: 2
cnt_up: 2
cnt_up: 2
cnt_up: 2
cnt_up: 2
cnt_up: 3
cnt_down: 3
cnt_up: 1
cnt_up: 3
cnt_down: 2
cnt_up: 3
cnt_down: 2
cnt_up: 3
cnt_down: 3
cnt_up: 1
cnt_up: 3
cnt_down: 2
cnt_up: 2
cnt_up: 2
cnt_up: 2
cnt_up: 2
cnt_up: 2
cnt_up: 2
cnt_up: 2
cnt_up: 2
cnt_up: 2
cnt_up: 2
cnt_up: 2
cnt_up: 2
cnt_up: 2
cnt_up: 2
cnt_up: 2
cnt_up: 2
cnt_up: 2
cnt_up: 2
cnt_up: 2
cnt_up: 2
cnt_up: 2
cnt_up: 2
cnt_up: 2
cnt_up: 3
cnt_down: 2
cnt_up: 2
cnt_up: 2
cnt_up: 2
cnt_up: 2
cnt_up: 2
cnt_up: 2
cnt_up: 3
cnt_down: 2
cnt_up: 2
cnt_up: 2
cnt_up: 2
cnt_up: 2
cnt_up: 2
cnt_up: 2
cnt_up: 3
cnt_down: 3
cnt_up: 1
cnt_up: 3
cnt_down: 3
cnt_up: 1
cnt_up: 3
cnt_down: 2
cnt_up: 2
cnt_up: 2
cnt_up: 2
cnt_up: 2
cnt_up: 2
cnt_up: 2
cnt_up: 2
cnt_up: 2
cnt_up: 2
cnt_up: 2
cnt_up: 2
cnt_up: 2
cnt_up: 2
cnt_up: 2
cnt_up: 2
cnt_up: 2
cnt_up: 2
cnt_up: 2
cnt_up: 2
cnt_up: 2
cnt_up: 2
cnt_up: 2
cnt_up: 2
cnt_up: 2
cnt_up: 2
cnt_up: 2
cnt_up: 2
cnt_up: 2
cnt_up: 2
cnt_up: 2
cnt_up: 2
cnt_up: 2
cnt_up: 2
cnt_up: 2
cnt_up: 2
cnt_up: 2
cnt_up: 2
cnt_up: 2
cnt_up: 2
cnt_up: 2
cnt_up: 2
cnt_up: 2
cnt_up: 2
cnt_up: 2
cnt_up: 2
cnt_up: 2
cnt_up: 3
cnt_down: 2
cnt_up: 3
cnt_down: 3
cnt_up: 1
cnt_up: 3
cnt_down: 3
cnt_up: 1
cnt_up: 3
cnt_down: 3
cnt_up: 1
cnt_up: 3
cnt_down: 3
cnt_up: 1
cnt_up: 3
cnt_down: 3
cnt_up: 1
cnt_up: 3
cnt_down: 3
cnt_up: 1
cnt_up: 1
cnt_up: 1
cnt_up: 1
cnt_up: 1
cnt_up: 1
cnt_up: 1
cnt_up: 1
cnt_up: 1
cnt_up: 1
cnt_up: 1
cnt_up: 1
cnt_up: 1
cnt_up: 1
cnt_up: 1
cnt_up: 1
cnt_up: 1
cnt_up: 1
cnt_up: 1
cnt_up: 1
cnt_up: 1
cnt_up: 1
cnt_up: 1
cnt_up: 1
cnt_up: 1
cnt_up: 1
cnt_up: 1
cnt_up: 1
cnt_up: 1
cnt_up: 1
cnt_up: 1
cnt_up: 1
cnt_up: 1
cnt_up: 1
cnt_up: 1
cnt_up: 1
cnt_up: 1
cnt_up: 1
cnt_up: 1
cnt_up: 1
cnt_up: 1
cnt_up: 1
cnt_up: 1
cnt_up: 1
cnt_up: 1
cnt_up: 1
cnt_up: 1
cnt_up: 1
cnt_up: 1
cnt_up: 1
cnt_up: 1
cnt_up: 1
cnt_up: 1
cnt_up: 1
cnt_up: 1
cnt_up: 1
cnt_up: 1
cnt_up: 1
cnt_up: 1
cnt_up: 1
cnt_up: 1
cnt_up: 1
cnt_up: 1
cnt_up: 1
cnt_up: 1
cnt_up: 1
cnt_up: 1
cnt_up: 1
cnt_up: 1
cnt_up: 1
cnt_up: 1
cnt_up: 1
cnt_up: 1
cnt_up: 1
cnt_up: 1
cnt_up: 1
cnt_up: 1
cnt_up: 1
cnt_up: 1
cnt_up: 1
cnt_up: 1
cnt_up: 1
cnt_up: 1
cnt_up: 1
cnt_up: 1
cnt_up: 1
cnt_up: 1
cnt_up: 1
cnt_up: 1
cnt_up: 1
cnt_up: 1
cnt_up: 1
cnt_up: 1
cnt_up: 1
cnt_up: 1
cnt_up: 1
cnt_up: 1
cnt_up: 1
cnt_up: 1
cnt_up: 1
cnt_up: 1
cnt_up: 1
cnt_up: 1
cnt_up: 1
cnt_up: 1
cnt_up: 1
cnt_up: 1
cnt_up: 1
cnt_up: 1
cnt_up: 1
cnt_up: 1
cnt_up: 1
cnt_up: 1
cnt_up: 1
cnt_up: 1
cnt_up: 1
cnt_up: 1
cnt_up: 1
cnt_up: 1
cnt_up: 1
cnt_up: 1
cnt_up: 1
cnt_up: 1
cnt_up: 1
cnt_up: 1
cnt_up: 1
cnt_up: 1
cnt_up: 1
cnt_up: 1
cnt_up: 1
cnt_up: 1
cnt_up: 1
cnt_up: 1
cnt_up: 1
cnt_up: 1
cnt_up: 1
cnt_up: 1
cnt_up: 1
cnt_up: 1
cnt_up: 1
cnt_up: 1
cnt_up: 1
cnt_up: 1
cnt_up: 1
cnt_up: 1
cnt_up: 1
cnt_up: 1
cnt_up: 1
cnt_up: 1
cnt_up: 1
cnt_up: 1
cnt_up: 1
cnt_up: 1
cnt_up: 1
cnt_up: 1
cnt_up: 1
cnt_up: 1
cnt_up: 1
cnt_up: 1
cnt_up: 1
cnt_up: 1
cnt_up: 1
cnt_up: 1
cnt_up: 1
cnt_up: 1
cnt_up: 1
cnt_up: 1
cnt_up: 1
cnt_up: 1
cnt_up: 1
cnt_up: 1
cnt_up: 1
cnt_up: 1
cnt_up: 1
cnt_up: 1
cnt_up: 1
cnt_up: 1
cnt_up: 1
cnt_up: 1
cnt_up: 1
cnt_up: 1
cnt_up: 1
cnt_up: 1
cnt_up: 1
cnt_up: 1
cnt_up: 1
cnt_up: 1
cnt_up: 1
cnt_up: 1
cnt_up: 1
cnt_up: 1
cnt_up: 1
cnt_up: 1
cnt_up: 1
cnt_up: 1
cnt_up: 1
cnt_up: 1
cnt_up: 1
cnt_up: 1
cnt_up: 1
cnt_up: 1
cnt_up: 1
cnt_up: 1
cnt_up: 1
cnt_up: 1
cnt_up: 1
cnt_up: 1
cnt_up: 1
cnt_up: 1
cnt_up: 1
cnt_up: 1
cnt_up: 1
cnt_up: 1
cnt_up: 1
cnt_up: 1
cnt_up: 1
cnt_up: 1
cnt_up: 1
cnt_up: 1
cnt_up: 1
cnt_up: 1
cnt_up: 1
cnt_up: 1
cnt_up: 1
cnt_up: 1
cnt_up: 1
cnt_up: 1
cnt_up: 1
cnt_up: 1
cnt_up: 1
cnt_up: 1
cnt_up: 1
cnt_up: 1
cnt_up: 1
cnt_up: 1
cnt_up: 1
cnt_up: 1
cnt_up: 1
cnt_up: 1
cnt_up: 1
cnt_up: 1
cnt_up: 1
cnt_up: 1
cnt_up: 1
cnt_up: 1
cnt_up: 1
cnt_up: 1
cnt_up: 1
cnt_up: 1
cnt_up: 1
cnt_up: 1
cnt_up: 1
cnt_up: 1
cnt_up: 1
cnt_up: 1
cnt_up: 1
cnt_up: 1
cnt_up: 1
cnt_up: 1
cnt_up: 1
cnt_up: 1
cnt_up: 1
cnt_up: 1
cnt_up: 1
cnt_up: 1
cnt_up: 1
cnt_up: 1
cnt_up: 1
cnt_up: 1
cnt_up: 1
cnt_up: 1
cnt_up: 1
cnt_up: 1
cnt_up: 1
cnt_up: 1
cnt_up: 1
cnt_up: 1
cnt_up: 1
cnt_up: 1
cnt_up: 1
cnt_up: 1
cnt_up: 1
cnt_up: 1
cnt_up: 1
cnt_up: 1
cnt_up: 1
cnt_up: 1
cnt_up: 1
cnt_up: 1
cnt_up: 1
cnt_up: 1
cnt_up: 1
cnt_up: 1
cnt_up: 1
cnt_up: 1
cnt_up: 1
cnt_up: 1
cnt_up: 1
cnt_up: 1
cnt_up: 1
cnt_up: 1
cnt_up: 1
cnt_up: 1
cnt_up: 1
cnt_up: 1
cnt_up: 1
cnt_up: 1
cnt_up: 1
cnt_up: 1
cnt_up: 1
cnt_up: 1
cnt_up: 1
cnt_up: 1
cnt_up: 1
cnt_up: 1
cnt_up: 1
cnt_up: 1
cnt_up: 1
cnt_up: 1
cnt_up: 1
cnt_up: 1
cnt_up: 1
cnt_up: 1
cnt_up: 1
cnt_up: 1
cnt_up: 1
cnt_up: 1
cnt_up: 1
cnt_up: 1
cnt_up: 1
cnt_up: 1
cnt_up: 1
cnt_up: 1
cnt_up: 1
cnt_up: 1
cnt_up: 1
cnt_up: 1
cnt_up: 1
cnt_up: 1
cnt_up: 1
cnt_up: 1
cnt_up: 1
cnt_up: 1
cnt_up: 1
cnt_up: 1
cnt_up: 1
cnt_up: 1
cnt_up: 1
cnt_up: 1
cnt_up: 1
cnt_up: 1
cnt_up: 1
cnt_up: 1
cnt_up: 1
cnt_up: 1
cnt_up: 1
cnt_up: 1
cnt_up: 1
cnt_up: 1
cnt_up: 1
cnt_up: 1
cnt_up: 1
cnt_up: 1
cnt_up: 1
cnt_up: 1
cnt_up: 1
cnt_up: 1
cnt_up: 1
cnt_up: 1
cnt_up: 1
cnt_up: 1
cnt_up: 1
cnt_up: 1
cnt_up: 1
cnt_up: 1
cnt_up: 1
cnt_up: 1
cnt_up: 1
cnt_up: 1
cnt_up: 1
cnt_up: 1
cnt_up: 1
cnt_up: 1
cnt_up: 1
cnt_up: 1
cnt_up: 1
cnt_up: 1
cnt_up: 1
cnt_up: 1
cnt_up: 1
cnt_up: 1
cnt_up: 1
cnt_up: 1
cnt_up: 1
cnt_up: 1
cnt_up: 1
cnt_up: 1
cnt_up: 1
cnt_up: 1
cnt_up: 1
cnt_up: 1
cnt_up: 1
cnt_up: 1
cnt_up: 1
cnt_up: 1
cnt_up: 1
cnt_up: 1
cnt_up: 1
cnt_up: 1
cnt_up: 1
cnt_up: 1
cnt_up: 1
cnt_up: 1
cnt_up: 1
cnt_up: 1
cnt_up: 1
cnt_up: 1
cnt_up: 1
cnt_up: 1
cnt_up: 1
cnt_up: 1
cnt_up: 1
cnt_up: 1
cnt_up: 1
cnt_up: 1
cnt_up: 1
cnt_up: 1
cnt_up: 1
cnt_up: 1
cnt_up: 1
cnt_up: 1
cnt_up: 1
cnt_up: 1
cnt_up: 1
cnt_up: 1
cnt_up: 1
cnt_up: 1
cnt_up: 1
cnt_up: 1
cnt_up: 1
cnt_up: 1
cnt_up: 1
cnt_up: 1
cnt_up: 1
cnt_up: 1
cnt_up: 1
cnt_up: 1
cnt_up: 1
cnt_up: 1
cnt_up: 1
cnt_up: 1
cnt_up: 1
cnt_up: 1
cnt_up: 1
cnt_up: 1
cnt_up: 1
cnt_up: 1
cnt_up: 1
cnt_up: 1
cnt_up: 1
cnt_up: 1
cnt_up: 1
cnt_up: 1
cnt_up: 1
cnt_up: 1
cnt_up: 1
cnt_up: 1
cnt_up: 1
cnt_up: 1
cnt_up: 1
cnt_up: 1
cnt_up: 1
cnt_up: 1
cnt_up: 1
cnt_up: 1
cnt_up: 1
cnt_up: 1
cnt_up: 1
cnt_up: 1
cnt_up: 1
cnt_up: 1
cnt_up: 1
cnt_up: 1
cnt_up: 1
cnt_up: 1
cnt_up: 1
cnt_up: 1
cnt_up: 1
cnt_up: 1
cnt_up: 1
cnt_up: 1
cnt_up: 1
cnt_up: 1
cnt_up: 1
cnt_up: 1
cnt_up: 1
cnt_up: 1
cnt_up: 1
cnt_up: 1
cnt_up: 1
cnt_up: 1
cnt_up: 1
cnt_up: 1
cnt_up: 1
cnt_up: 1
cnt_up: 1
cnt_up: 1
cnt_up: 1
cnt_up: 1
cnt_up: 1
cnt_up: 1
cnt_up: 1
cnt_up: 1
cnt_up: 1
cnt_up: 1
cnt_up: 1
cnt_up: 1
cnt_up: 1
cnt_up: 1
cnt_up: 1
cnt_up: 1
cnt_up: 1
cnt_up: 1
cnt_up: 1
cnt_up: 1
cnt_up: 1
cnt_up: 1
cnt_up: 1
cnt_up: 1
cnt_up: 1
cnt_up: 1
cnt_up: 1
cnt_up: 1
cnt_up: 1
cnt_up: 1
cnt_up: 3
cnt_down: 2
cnt_up: 3
cnt_down: 2
cnt_up: 4
cnt_up: 3
cnt_down: 2
cnt_up: 4
cnt_up: 4
cnt_up: 3
cnt_down: 2
cnt_up: 3
cnt_down: 3
cnt_up: 3
cnt_down: 2
cnt_down: 1
cnt_up: 3
cnt_down: 2
cnt_up: 3
cnt_down: 2
cnt_up: 3
cnt_down: 2
cnt_up: 3
cnt_down: 2
cnt_up: 3
cnt_down: 2
cnt_up: 3
cnt_down: 2
cnt_up: 3
cnt_down: 2
cnt_up: 3
cnt_down: 2
cnt_up: 3
cnt_down: 2
cnt_up: 3
cnt_down: 3
cnt_up: 2
cnt_up: 3
cnt_down: 3
cnt_up: 2
cnt_up: 3
cnt_down: 2
cnt_up: 3
cnt_down: 2
cnt_up: 3
cnt_down: 3
cnt_up: 2
cnt_up: 3
cnt_down: 2
cnt_up: 3
cnt_down: 2
cnt_up: 3
cnt_down: 2
cnt_up: 3
cnt_down: 3
cnt_up: 3
cnt_down: 2
cnt_down: 1
cnt_up: 3
cnt_down: 2
cnt_up: 3
cnt_down: 2
cnt_up: 2
cnt_up: 2
cnt_up: 2
cnt_up: 2
cnt_up: 4
cnt_up: 3
cnt_down: 2
cnt_up: 3
cnt_down: 2
cnt_up: 3
cnt_down: 2
cnt_up: 3
cnt_down: 2
cnt_up: 3
cnt_down: 2
cnt_up: 3
cnt_down: 2
cnt_up: 3
cnt_down: 2
cnt_up: 3
cnt_down: 2
cnt_up: 3
cnt_down: 3
cnt_up: 3
cnt_down: 1
cnt_up: 3
cnt_down: 3
cnt_up: 2
cnt_up: 3
cnt_down: 2
cnt_up: 3
cnt_down: 2
cnt_up: 3
cnt_down: 3
cnt_up: 3
cnt_down: 2
cnt_down: 1
cnt_up: 3
cnt_down: 2
cnt_up: 3
cnt_down: 3
cnt_up: 3
cnt_down: 2
cnt_down: 1
cnt_up: 3
cnt_down: 2
cnt_up: 3
cnt_down: 2
cnt_up: 3
cnt_down: 3
cnt_up: 4
cnt_up: 3
cnt_down: 3
cnt_up: 3
cnt_down: 2
cnt_down: 4
51243
24351
45132
13524
32415

cnt_up: 1
31425
25341
42153
14532
53214

