52
428
555
353
39
299
575
34
103
27
54
10
8
291
256
285
142
133
308
18
243
16
286
360
472
97
102
37
281
235
130
454
58
451
152
22
5
261
32
110
102
318
141
551
453
30
24
229
106
342
67
10
3
40
14
112
563
366
106
319
342
395
320
140
282
315
14
45
519
242
27
215
16
260
49
62
66
87
63
287
93
56
242
7
46
90
155
108
186
449
71
320
240
309
86
13
134
399
47
130
6
33
97
582
156
34
518
85
113
20
179
16
315
81
487
83
3
437
481
293
162
156
343
85
392
170
28
456
504
111
283
220
296
70
135
511
23
306
21
65
59
408
17
111
95
303
133
239
80
207
36
313
91
24
234
320
440
10
305
425
534
232
523
39
30
493
123
10
26
44
155
85
116
94
48
44
23
78
5
366
73
119
35
80
102
164
187
15
53
133
292
66
20
60
200
106
183
449
49
282
443
340
537
40
123
53
156
38
103
24
69
133
230
85
395
42
273
111
226
97
4
454
192
255
19
206
216
80
76
310
430
213
95
168
312
40
273
141
18
230
288
383
160
89
277
127
512
359
93
8
47
94
46
16
10
95
182
46
94
20
232
288
206
223
118
141
152
37
80
139
100
205
436
37
123
42
231
247
240
210
103
221
426
1
323
132
360
8
74
1
48
31
64
59
21
50
177
31
183
367
26
8
87
10
22
20
33
176
225
129
100
238
310
426
10
108
45
348
28
7
8
265
98
435
85
78
74
399
83
9
452
212
57
76
361
283
3
113
279
56
7
5
15
101
362
54
240
246
90
358
104
274
368
21
185
117
523
106
123
70
381
48
259
296
253
116
418
37
15
192
120
60
156
22
28
24
19
14
35
27
17
421
128
108
66
260
396
399
287
85
30
226
189
524
17
42
243
62
69
87
6
108
88
22
26
151
432
111
224
47
151
53
52
253
123
123
399
264
548
6
276
87
104
258
327
235
565
98
19
75
194
420
8
58
206
419
6
9
3
187
197
398
317
55
129
261
156
46
28
544
293
169
337
77
346
127
9
214
188
145
20
140
32
36
88
84
209
573
180
105
54
16
18
100
94
202
196
147
321
96
282
312
116
287
298
27
120
314
345
109
538
145
257
33
198
242
161
95
334
42
199
68
340
157
51
201
104
24
308
164
165
248
272
87
136
36
60
167
37
288
478
181
106
158
238
47
10
81
18
295
14
476
135
197
15
144
43
125
56
127
33
161
61
487
232
412
273
46
27
395
256
234
124
50
115
316
229
244
56
100
375
112
52
89
17
188
74
200
15
189
345
170
46
58
98
72
29
18
10
75
213
83
188
326
180
209
283
191
413
47
17
250
209
217
463
17
52
6
10
159
22
146
17
124
48
65
173
10
222
32
22
110
56
33
66
169
87
278
6
32
184
17
287
89
101
400
268
28
85
212
337
255
10
92
19
264
145
123
202
189
17
82
222
81
171
270
362
193
196
92
92
244
42
33
127
407
185
59
138
125
314
7
111
98
32
92
321
23
83
254
10
197
246
11
311
37
155
11
301
148
140
20
174
44
285
500
53
102
14
92
42
101
23
85
456
79
224
32
291
140
393
79
568
154
134
228
390
266
33
485
65
131
88
121
40
105
25
81
76
16
114
209
199
15
247
148
9
130
460
69
3
17
122
102
10
50
2
120
10
51
142
393
10
68
111
213
191
167
92
188
13
84
239
6
349
160
519
15
190
59
228
227
286
326
117
66
341
368
4
226
82
257
200
289
56
257
327
47
149
144
75
340
337
307
30
104
33
51
114
166
162
401
304
44
304
53
337
46
187
62
142
123
94
28
340
113
318
524
73
488
61
10
12
21
98
29
502
89
486
4
146
134
410
439
187
107
142
32
378
192
44
245
345
10
61
16
50
89
62
487
52
160
375
128
58
65
423
25
136
332
467
3
420
91
190
230
164
18
252
110
418
329
146
51
480
126
278
14
136
42
409
387
101
148
59
77
189
115
247
73
86
21
126
503
12
152
270
7
269
375
29
76
80
336
67
348
366
182
312
222
579
389
116
200
413
358
26
21
205
43
56
167
46
32
10
20
29
285
138
69
99
63
94
228
111
99
21
63
28
306
472
94
227
88
186
111
34
90
349
216
78
144
250
72
415
44
152
120
110
309
393
22
142
19
340
99
12
511
359
242
98
103
67
122
296
85
100
3
215
128
573
26
275
94
152
275
293
112
266
53
125
12
40
212
49
172
199
156
134
276
108
119
31
17
134
179
344
263
178
239
